<?xml version="1.0" encoding="UTF-8"?>
<testng-results skipped="0" failed="0" ignored="0" total="1" passed="1">
  <reporter-output>
  </reporter-output>
  <suite name="Default suite" duration-ms="14323" started-at="2020-01-24T14:33:57 IST" finished-at="2020-01-24T14:34:11 IST">
    <groups>
    </groups>
    <test name="Default test" duration-ms="14323" started-at="2020-01-24T14:33:57 IST" finished-at="2020-01-24T14:34:11 IST">
      <class name="com.appium.android.Erail">
        <test-method status="PASS" signature="beforeMethod()[pri:0, instance:com.appium.android.Erail@6f1fba17]" name="beforeMethod" is-config="true" duration-ms="11279" started-at="2020-01-24T14:33:57 IST" finished-at="2020-01-24T14:34:08 IST">
          <reporter-output>
          </reporter-output>
        </test-method> <!-- beforeMethod -->
        <test-method status="PASS" signature="f()[pri:0, instance:com.appium.android.Erail@6f1fba17]" name="f" duration-ms="2990" started-at="2020-01-24T14:34:08 IST" finished-at="2020-01-24T14:34:11 IST">
          <reporter-output>
          </reporter-output>
        </test-method> <!-- f -->
        <test-method status="PASS" signature="afterMethod()[pri:0, instance:com.appium.android.Erail@6f1fba17]" name="afterMethod" is-config="true" duration-ms="2" started-at="2020-01-24T14:34:11 IST" finished-at="2020-01-24T14:34:11 IST">
          <reporter-output>
          </reporter-output>
        </test-method> <!-- afterMethod -->
      </class> <!-- com.appium.android.Erail -->
    </test> <!-- Default test -->
  </suite> <!-- Default suite -->
</testng-results>
